

*******************************************************************************
Sat Dec 25 13:25:26 2010


FIT:    data read from 'sortedspeed_100'
        #datapoints = 4431
        residuals are weighted equally (unit weight)

function used for fitting: f(x)
fitted parameters initialized with current variable values



 Iteration 0
 WSSR        : 274955            delta(WSSR)/WSSR   : 0
 delta(WSSR) : 0                 limit for stopping : 1e-05
 lambda	  : 0.0136318

initial set of free parameter values

m1              = 5
m2              = 10
v1              = 1
v2              = 1
a               = 0.3

After 2 iterations the fit converged.
final sum of squares of residuals : 274947
rel. change during last iteration : -7.30012e-07

degrees of freedom    (FIT_NDF)                        : 4426
rms of residuals      (FIT_STDFIT) = sqrt(WSSR/ndf)    : 7.88168
variance of residuals (reduced chisquare) = WSSR/ndf   : 62.1209

Final set of parameters            Asymptotic Standard Error
=======================            ==========================

m1              = -8.39523         +/- 603.8        (7192%)
m2              = 10.3663          +/- 7.958e+26    (7.677e+27%)
v1              = 8.29373          +/- 1388         (1.674e+04%)
v2              = 0.0617355        +/- 8.321e+25    (1.348e+29%)
a               = 0.87597          +/- 12.26        (1400%)


correlation matrix of the fit parameters:

               m1     m2     v1     v2     a      
m1              1.000 
m2             -2.316  1.000 
v1              0.588 -0.701  1.000 
v2             -2.316  1.000 -0.701  1.000 
a               0.901 -0.668  0.893 -0.668  1.000 


*******************************************************************************
Sat Dec 25 13:25:40 2010


FIT:    data read from 'sortedspeed_100' using 1:($0/4430)
        #datapoints = 4431
        residuals are weighted equally (unit weight)

function used for fitting: f(x)
fitted parameters initialized with current variable values



 Iteration 0
 WSSR        : 880.088           delta(WSSR)/WSSR   : 0
 delta(WSSR) : 0                 limit for stopping : 1e-05
 lambda	  : 0.384546

initial set of free parameter values

m1              = -8.39523
m2              = 10.3663
v1              = 8.29373
v2              = 0.0617355
a               = 0.87597

After 29 iterations the fit converged.
final sum of squares of residuals : 1.88169
rel. change during last iteration : -2.75921e-06

degrees of freedom    (FIT_NDF)                        : 4426
rms of residuals      (FIT_STDFIT) = sqrt(WSSR/ndf)    : 0.020619
variance of residuals (reduced chisquare) = WSSR/ndf   : 0.000425144

Final set of parameters            Asymptotic Standard Error
=======================            ==========================

m1              = 6.75608          +/- 0.03038      (0.4497%)
m2              = 10.0157          +/- 0.004487     (0.0448%)
v1              = 3.50385          +/- 0.0186       (0.5308%)
v2              = 0.703357         +/- 0.007441     (1.058%)
a               = 0.533507         +/- 0.003991     (0.748%)


correlation matrix of the fit parameters:

               m1     m2     v1     v2     a      
m1              1.000 
m2             -0.311  1.000 
v1              0.450 -0.767  1.000 
v2             -0.806  0.066 -0.310  1.000 
a               0.945 -0.116  0.379 -0.885  1.000 


*******************************************************************************
Sat Dec 25 13:34:46 2010


FIT:    data read from 'sortedspeed_100' using 1:($0/4430)
        #datapoints = 4431
        residuals are weighted equally (unit weight)

function used for fitting: f(x)
fitted parameters initialized with current variable values



 Iteration 0
 WSSR        : 1.94934           delta(WSSR)/WSSR   : 0
 delta(WSSR) : 0                 limit for stopping : 1e-05
 lambda	  : 0.143122

initial set of free parameter values

m2              = 10.0157
v2              = 1

After 3 iterations the fit converged.
final sum of squares of residuals : 1.05801
rel. change during last iteration : -5.51212e-06

degrees of freedom    (FIT_NDF)                        : 4429
rms of residuals      (FIT_STDFIT) = sqrt(WSSR/ndf)    : 0.0154558
variance of residuals (reduced chisquare) = WSSR/ndf   : 0.000238882

Final set of parameters            Asymptotic Standard Error
=======================            ==========================

m2              = 9.93566          +/- 0.001303     (0.01312%)
v2              = 0.994365         +/- 0.002365     (0.2378%)


correlation matrix of the fit parameters:

               m2     v2     
m2              1.000 
v2              0.042  1.000 
